<?xml version="1.0" encoding="UTF-8"?>
<testng-results ignored="0" total="1" passed="1" failed="0" skipped="0">
  <reporter-output>
  </reporter-output>
  <suite started-at="2022-01-17T14:39:38 IST" name="Default suite" finished-at="2022-01-17T14:42:25 IST" duration-ms="167436">
    <groups>
    </groups>
    <test started-at="2022-01-17T14:39:38 IST" name="Default test" finished-at="2022-01-17T14:42:25 IST" duration-ms="167436">
      <class name="admin.Airport">
        <test-method is-config="true" signature="startUp()[pri:0, instance:admin.Airport@1b11171f]" started-at="2022-01-17T14:39:35 IST" name="startUp" finished-at="2022-01-17T14:39:38 IST" duration-ms="2855" status="PASS">
          <reporter-output>
          </reporter-output>
        </test-method> <!-- startUp -->
        <test-method is-config="true" signature="login()[pri:0, instance:admin.Airport@1b11171f]" started-at="2022-01-17T14:39:38 IST" name="login" finished-at="2022-01-17T14:39:44 IST" duration-ms="6210" status="PASS">
          <reporter-output>
          </reporter-output>
        </test-method> <!-- login -->
        <test-method is-config="true" signature="testMethodName(java.lang.reflect.Method)[pri:0, instance:admin.Airport@1b11171f]" started-at="2022-01-17T14:39:44 IST" name="testMethodName" finished-at="2022-01-17T14:39:44 IST" duration-ms="6" status="PASS">
          <params>
            <param index="0">
              <value>
                <![CDATA[public void admin.Airport.airport() throws java.lang.InterruptedException,java.io.IOException]]>
              </value>
            </param>
          </params>
          <reporter-output>
          </reporter-output>
        </test-method> <!-- testMethodName -->
        <test-method signature="airport()[pri:0, instance:admin.Airport@1b11171f]" started-at="2022-01-17T14:39:44 IST" name="airport" finished-at="2022-01-17T14:42:20 IST" duration-ms="156268" status="PASS">
          <reporter-output>
          </reporter-output>
        </test-method> <!-- airport -->
        <test-method is-config="true" signature="getResult(org.testng.ITestResult)[pri:0, instance:admin.Airport@1b11171f]" started-at="2022-01-17T14:42:20 IST" name="getResult" finished-at="2022-01-17T14:42:20 IST" duration-ms="0" status="PASS">
          <params>
            <param index="0">
              <value>
                <![CDATA[[TestResult name=airport status=SUCCESS method=Airport.airport()[pri:0, instance:admin.Airport@1b11171f] output={null}]]]>
              </value>
            </param>
          </params>
          <reporter-output>
          </reporter-output>
        </test-method> <!-- getResult -->
        <test-method is-config="true" signature="logOut()[pri:0, instance:admin.Airport@1b11171f]" started-at="2022-01-17T14:42:20 IST" name="logOut" finished-at="2022-01-17T14:42:25 IST" duration-ms="4909" status="PASS">
          <reporter-output>
          </reporter-output>
        </test-method> <!-- logOut -->
        <test-method is-config="true" signature="closeBrowser()[pri:0, instance:admin.Airport@1b11171f]" started-at="2022-01-17T14:42:25 IST" name="closeBrowser" finished-at="2022-01-17T14:42:30 IST" duration-ms="5388" status="PASS">
          <reporter-output>
          </reporter-output>
        </test-method> <!-- closeBrowser -->
      </class> <!-- admin.Airport -->
    </test> <!-- Default test -->
  </suite> <!-- Default suite -->
</testng-results>
